<?xml version="1.0" encoding="UTF-8"?>
<testsuite name="TrackingSimulatorTest" tests="1" skipped="0" failures="0" errors="0" timestamp="2022-05-22T00:13:14" hostname="LAPTOP-GUI2OG5N" time="0.143">
  <properties/>
  <testcase name="runSimulation()" classname="TrackingSimulatorTest" time="0.143"/>
  <system-out><![CDATA[ShippingUpdate.ShippedShippingUpdate@106734a7
ShippingUpdate.ShippedShippingUpdate@5c41c9b2
ShippingUpdate.ShippedShippingUpdate@73d80850
ShippingUpdate.ShippedShippingUpdate@5a33c880
ShippingUpdate.ShippedShippingUpdate@1037bd7
ShippingUpdate.ShippedShippingUpdate@535d3e1c
ShippingUpdate.ShippedShippingUpdate@607436af
ShippingUpdate.ShippedShippingUpdate@24c785e9
ShippingUpdate.ShippedShippingUpdate@3e808f65
ShippingUpdate.ShippedShippingUpdate@417fb77
ShippingUpdate.LocationShippingUpdate@5d674992
ShippingUpdate.LocationShippingUpdate@67a61efc
ShippingUpdate.LocationShippingUpdate@5cd19d3c
ShippingUpdate.LocationShippingUpdate@2218e566
ShippingUpdate.LocationShippingUpdate@4554036e
ShippingUpdate.LocationShippingUpdate@1252b4c6
ShippingUpdate.LocationShippingUpdate@423ae3cd
ShippingUpdate.LocationShippingUpdate@276c1d39
ShippingUpdate.LocationShippingUpdate@424635c9
ShippingUpdate.LocationShippingUpdate@45b55dc3
ShippingUpdate.DelayedShippingUpdate@17c6a0cf
ShippingUpdate.DelayedShippingUpdate@64dd3783
ShippingUpdate.DelayedShippingUpdate@be9359e
ShippingUpdate.DelayedShippingUpdate@7ccb83a2
ShippingUpdate.DelayedShippingUpdate@5e29942c
ShippingUpdate.DelayedShippingUpdate@5345d145
ShippingUpdate.DelayedShippingUpdate@11c25b76
ShippingUpdate.DelayedShippingUpdate@31340c7f
ShippingUpdate.DelayedShippingUpdate@23ae6681
ShippingUpdate.DelayedShippingUpdate@5e1c4448
ShippingUpdate.NoteAddedShippingUpdate@4cc0052d
ShippingUpdate.NoteAddedShippingUpdate@1c8af85a
ShippingUpdate.NoteAddedShippingUpdate@2088d187
ShippingUpdate.NoteAddedShippingUpdate@480e369d
ShippingUpdate.NoteAddedShippingUpdate@4ababdc
ShippingUpdate.NoteAddedShippingUpdate@4f28db3b
ShippingUpdate.NoteAddedShippingUpdate@29ca3fb0
ShippingUpdate.NoteAddedShippingUpdate@10c94eca
ShippingUpdate.NoteAddedShippingUpdate@49e5f244
ShippingUpdate.NoteAddedShippingUpdate@401d1940
ShippingUpdate.NoteAddedShippingUpdate@38d2894c
ShippingUpdate.NoteAddedShippingUpdate@62372f82
ShippingUpdate.NoteAddedShippingUpdate@4a68652
ShippingUpdate.NoteAddedShippingUpdate@2c59589f
ShippingUpdate.NoteAddedShippingUpdate@6d3cb1
ShippingUpdate.NoteAddedShippingUpdate@5bfd4801
ShippingUpdate.NoteAddedShippingUpdate@6bd9d13a
ShippingUpdate.NoteAddedShippingUpdate@d22e17e
ShippingUpdate.NoteAddedShippingUpdate@64c3dcdf
ShippingUpdate.NoteAddedShippingUpdate@554f2d06
ShippingUpdate.NoteAddedShippingUpdate@70ba7694
ShippingUpdate.NoteAddedShippingUpdate@6a8950ec
ShippingUpdate.NoteAddedShippingUpdate@10d64c46
ShippingUpdate.NoteAddedShippingUpdate@3cdd6447
ShippingUpdate.NoteAddedShippingUpdate@1ff0ab9e
ShippingUpdate.NoteAddedShippingUpdate@3f5e86bc
ShippingUpdate.NoteAddedShippingUpdate@1dc8496d
ShippingUpdate.NoteAddedShippingUpdate@4a60e9cf
ShippingUpdate.NoteAddedShippingUpdate@50d61746
ShippingUpdate.NoteAddedShippingUpdate@1b761086
ShippingUpdate.LostShippingUpdate@9c9066f
ShippingUpdate.LostShippingUpdate@69455c37
ShippingUpdate.LostShippingUpdate@429c83b9
ShippingUpdate.CanceledShippingUpdate@129133ab
ShippingUpdate.CanceledShippingUpdate@5176712a
ShippingUpdate.CanceledShippingUpdate@7751b1f6
ShippingUpdate.DeliveredShippingUpdate@6a84d7e4
ShippingUpdate.DeliveredShippingUpdate@89914bf
ShippingUpdate.DeliveredShippingUpdate@723dca5b
ShippingUpdate.DeliveredShippingUpdate@1e32a994
]]></system-out>
  <system-err><![CDATA[]]></system-err>
</testsuite>
