<?xml version="1.0" encoding="UTF-8"?>
<testsuite name="ShipmentTest" tests="1" skipped="0" failures="0" errors="0" timestamp="2022-05-26T01:48:20" hostname="DESKTOP-5GU6Q85" time="0.015">
  <properties/>
  <testcase name="addUpdate()" classname="ShipmentTest" time="0.015"/>
  <system-out><![CDATA[]]></system-out>
  <system-err><![CDATA[]]></system-err>
</testsuite>
